2017-01-23 17:48:23.443  INFO 11232 --- [main] com.example.config.MainApplication       : print banner
2017-01-23 17:48:23.533  INFO 11232 --- [main] com.example.config.MainApplication       : Starting MainApplication on appledeMacBook-Pro.local with PID 11232 (/Users/apple/Documents/spring-boot-workspace/demo/target/classes started by yuanjingtao in /Users/apple/Documents/spring-boot-workspace/demo)
2017-01-23 17:48:23.533  INFO 11232 --- [main] com.example.config.MainApplication       : No active profile set, falling back to default profiles: default
2017-01-23 17:48:23.581  INFO 11232 --- [main] ationConfigEmbeddedWebApplicationContext : Refreshing org.springframework.boot.context.embedded.AnnotationConfigEmbeddedWebApplicationContext@4eaf3684: startup date [Mon Jan 23 17:48:23 CST 2017]; root of context hierarchy
2017-01-23 17:48:24.482  INFO 11232 --- [main] trationDelegate$BeanPostProcessorChecker : Bean 'org.springframework.transaction.annotation.ProxyTransactionManagementConfiguration' of type [class org.springframework.transaction.annotation.ProxyTransactionManagementConfiguration$$EnhancerBySpringCGLIB$$8585e1ec] is not eligible for getting processed by all BeanPostProcessors (for example: not eligible for auto-proxying)
2017-01-23 17:48:24.833  INFO 11232 --- [main] s.b.c.e.t.TomcatEmbeddedServletContainer : Tomcat initialized with port(s): 8080 (http)
2017-01-23 17:48:24.843  INFO 11232 --- [main] o.apache.catalina.core.StandardService   : Starting service Tomcat
2017-01-23 17:48:24.845  INFO 11232 --- [main] org.apache.catalina.core.StandardEngine  : Starting Servlet Engine: Apache Tomcat/8.5.6
2017-01-23 17:48:24.925  INFO 11232 --- [localhost-startStop-1] o.a.c.c.C.[Tomcat].[localhost].[/]       : Initializing Spring embedded WebApplicationContext
2017-01-23 17:48:24.926  INFO 11232 --- [localhost-startStop-1] o.s.web.context.ContextLoader            : Root WebApplicationContext: initialization completed in 1347 ms
2017-01-23 17:48:25.069  INFO 11232 --- [localhost-startStop-1] o.s.b.w.servlet.ServletRegistrationBean  : Mapping servlet: 'dispatcherServlet' to [/]
2017-01-23 17:48:25.073  INFO 11232 --- [localhost-startStop-1] o.s.b.w.servlet.FilterRegistrationBean   : Mapping filter: 'characterEncodingFilter' to: [/*]
2017-01-23 17:48:25.074  INFO 11232 --- [localhost-startStop-1] o.s.b.w.servlet.FilterRegistrationBean   : Mapping filter: 'hiddenHttpMethodFilter' to: [/*]
2017-01-23 17:48:25.074  INFO 11232 --- [localhost-startStop-1] o.s.b.w.servlet.FilterRegistrationBean   : Mapping filter: 'httpPutFormContentFilter' to: [/*]
2017-01-23 17:48:25.074  INFO 11232 --- [localhost-startStop-1] o.s.b.w.servlet.FilterRegistrationBean   : Mapping filter: 'requestContextFilter' to: [/*]
2017-01-23 17:48:25.678  INFO 11232 --- [main] s.w.s.m.m.a.RequestMappingHandlerAdapter : Looking for @ControllerAdvice: org.springframework.boot.context.embedded.AnnotationConfigEmbeddedWebApplicationContext@4eaf3684: startup date [Mon Jan 23 17:48:23 CST 2017]; root of context hierarchy
2017-01-23 17:48:25.734  INFO 11232 --- [main] s.w.s.m.m.a.RequestMappingHandlerMapping : Mapped "{[/]}" onto public java.lang.String com.example.controller.IndexController.index()
2017-01-23 17:48:25.735  INFO 11232 --- [main] s.w.s.m.m.a.RequestMappingHandlerMapping : Mapped "{[/jdbc],methods=[GET]}" onto public java.lang.String com.example.controller.IndexController.getJdbc(javax.servlet.http.HttpServletRequest)
2017-01-23 17:48:25.736  INFO 11232 --- [main] s.w.s.m.m.a.RequestMappingHandlerMapping : Mapped "{[/jdbc2],methods=[GET]}" onto public java.lang.String com.example.controller.IndexController.getJdbc2(javax.servlet.http.HttpServletRequest)
2017-01-23 17:48:25.736  INFO 11232 --- [main] s.w.s.m.m.a.RequestMappingHandlerMapping : Mapped "{[/seckill],methods=[GET]}" onto public java.lang.String com.example.controller.IndexController.getSeckill(javax.servlet.http.HttpServletRequest)
2017-01-23 17:48:25.736  INFO 11232 --- [main] s.w.s.m.m.a.RequestMappingHandlerMapping : Mapped "{[/session],methods=[GET]}" onto public java.lang.String com.example.controller.IndexController.getSessionId(javax.servlet.http.HttpServletRequest)
2017-01-23 17:48:25.737  INFO 11232 --- [main] s.w.s.m.m.a.RequestMappingHandlerMapping : Mapped "{[/log/writeLog]}" onto public java.lang.Object com.example.controller.LogController.writeLog()
2017-01-23 17:48:25.739  INFO 11232 --- [main] s.w.s.m.m.a.RequestMappingHandlerMapping : Mapped "{[/error]}" onto public org.springframework.http.ResponseEntity<java.util.Map<java.lang.String, java.lang.Object>> org.springframework.boot.autoconfigure.web.BasicErrorController.error(javax.servlet.http.HttpServletRequest)
2017-01-23 17:48:25.740  INFO 11232 --- [main] s.w.s.m.m.a.RequestMappingHandlerMapping : Mapped "{[/error],produces=[text/html]}" onto public org.springframework.web.servlet.ModelAndView org.springframework.boot.autoconfigure.web.BasicErrorController.errorHtml(javax.servlet.http.HttpServletRequest,javax.servlet.http.HttpServletResponse)
2017-01-23 17:48:25.775  INFO 11232 --- [main] o.s.w.s.handler.SimpleUrlHandlerMapping  : Mapped URL path [/webjars/**] onto handler of type [class org.springframework.web.servlet.resource.ResourceHttpRequestHandler]
2017-01-23 17:48:25.775  INFO 11232 --- [main] o.s.w.s.handler.SimpleUrlHandlerMapping  : Mapped URL path [/**] onto handler of type [class org.springframework.web.servlet.resource.ResourceHttpRequestHandler]
2017-01-23 17:48:25.808  INFO 11232 --- [main] o.s.w.s.handler.SimpleUrlHandlerMapping  : Mapped URL path [/**/favicon.ico] onto handler of type [class org.springframework.web.servlet.resource.ResourceHttpRequestHandler]
2017-01-23 17:48:26.095  INFO 11232 --- [main] o.s.j.e.a.AnnotationMBeanExporter        : Registering beans for JMX exposure on startup
2017-01-23 17:48:26.153  INFO 11232 --- [main] s.b.c.e.t.TomcatEmbeddedServletContainer : Tomcat started on port(s): 8080 (http)
2017-01-23 17:48:26.158  INFO 11232 --- [main] com.example.config.MainApplication       : Started MainApplication in 2.981 seconds (JVM running for 3.446)
2017-01-23 17:49:07.720  INFO 11232 --- [http-nio-8080-exec-1] o.a.c.c.C.[Tomcat].[localhost].[/]       : Initializing Spring FrameworkServlet 'dispatcherServlet'
2017-01-23 17:49:07.720  INFO 11232 --- [http-nio-8080-exec-1] o.s.web.servlet.DispatcherServlet        : FrameworkServlet 'dispatcherServlet': initialization started
2017-01-23 17:49:07.735  INFO 11232 --- [http-nio-8080-exec-1] o.s.web.servlet.DispatcherServlet        : FrameworkServlet 'dispatcherServlet': initialization completed in 15 ms
2017-01-23 17:49:07.760  INFO 11232 --- [http-nio-8080-exec-1] com.example.controller.LogController     : This is an info message
2017-01-23 17:49:07.760  WARN 11232 --- [http-nio-8080-exec-1] com.example.controller.LogController     : This is a warn message
2017-01-23 17:49:07.760 ERROR 11232 --- [http-nio-8080-exec-1] com.example.controller.LogController     : This is an error message
2017-01-23 17:49:07.761  INFO 11232 --- [http-nio-8080-exec-1] com.example.util.LogHelper               : This is an info message
2017-01-23 17:49:07.761  WARN 11232 --- [http-nio-8080-exec-1] com.example.util.LogHelper               : This is a warn message
2017-01-23 17:49:07.761 ERROR 11232 --- [http-nio-8080-exec-1] com.example.util.LogHelper               : This is an error message
